<?xml version="1.0" encoding="UTF-8"?>
<!-- Generated by org.testng.reporters.JUnitXMLReporter -->
<testsuite hostname="home-PC" name="sample2" tests="2" failures="1" timestamp="18 Apr 2017 02:45:45 GMT" time="0.398" errors="0">
  <testcase name="f1" time="0.003" classname="com.mvn.testng.NewTestNg2"/>
  <testcase name="f" time="0.005" classname="com.mvn.testng.NewTestNg2">
    <failure type="java.lang.AssertionError" message="Expected True but false expected [true] but found [false]">
      <![CDATA[java.lang.AssertionError: Expected True but false expected [true] but found [false]
	at com.mvn.testng.NewTestNg2.f(NewTestNg2.java:14)
... Removed 27 stack frames]]>
    </failure>
  </testcase> <!-- f -->
</testsuite> <!-- sample2 -->
