<?xml version="1.0" encoding="UTF-8"?>
<!-- Generated by org.testng.reporters.JUnitXMLReporter -->
<testsuite hostname="home-PC" name="sample" tests="1" failures="1" timestamp="18 Apr 2017 02:45:44 GMT" time="0.075" errors="0">
  <testcase name="@AfterMethod afterMethod" time="0.0" classname="com.mvn.testng.AppTest">
    <failure type="java.lang.NullPointerException">
      <![CDATA[java.lang.NullPointerException
	at com.relevantcodes.extentreports.ExtentTest.isPathRelative(ExtentTest.java:502)
	at com.relevantcodes.extentreports.ExtentTest.addScreenCapture(ExtentTest.java:287)
	at com.report.TestConfig.afterMethod(TestConfig.java:29)
... Removed 26 stack frames]]>
    </failure>
  </testcase> <!-- @AfterMethod afterMethod -->
  <testcase name="testApp" time="0.038" classname="com.mvn.testng.AppTest">
    <failure type="java.lang.AssertionError" message="expected [true] but found [false]">
      <![CDATA[java.lang.AssertionError: expected [true] but found [false]
	at com.mvn.testng.AppTest.testApp(AppTest.java:53)
... Removed 28 stack frames]]>
    </failure>
  </testcase> <!-- testApp -->
</testsuite> <!-- sample -->
